<?xml version="1.0" encoding="UTF-8"?>
<testsuites>
  <testsuite name="fastlane.lanes">
    
    
    
      
      <testcase classname="fastlane.lanes" name="0: default_platform" time="0.000164">
        
      </testcase>
    
      
      <testcase classname="fastlane.lanes" name="1: clean" time="2.082971">
        
      </testcase>
    
      
      <testcase classname="fastlane.lanes" name="2: assembleRelease" time="6.970112">
        
          <failure message="/opt/homebrew/Cellar/fastlane/2.202.0/libexec/gems/fastlane-2.204.2/fastlane/lib/fastlane/actions/actions_helper.rb:67:in `execute_action&apos;&#10;/opt/homebrew/Cellar/fastlane/2.202.0/libexec/gems/fastlane-2.204.2/fastlane/lib/fastlane/runner.rb:255:in `block in execute_action&apos;&#10;/opt/homebrew/Cellar/fastlane/2.202.0/libexec/gems/fastlane-2.204.2/fastlane/lib/fastlane/runner.rb:229:in `chdir&apos;&#10;/opt/homebrew/Cellar/fastlane/2.202.0/libexec/gems/fastlane-2.204.2/fastlane/lib/fastlane/runner.rb:229:in `execute_action&apos;&#10;/opt/homebrew/Cellar/fastlane/2.202.0/libexec/gems/fastlane-2.204.2/fastlane/lib/fastlane/runner.rb:157:in `trigger_action_by_name&apos;&#10;/opt/homebrew/Cellar/fastlane/2.202.0/libexec/gems/fastlane-2.204.2/fastlane/lib/fastlane/fast_file.rb:159:in `method_missing&apos;&#10;Fastfile:41:in `block (2 levels) in parsing_binding&apos;&#10;/opt/homebrew/Cellar/fastlane/2.202.0/libexec/gems/fastlane-2.204.2/fastlane/lib/fastlane/lane.rb:33:in `call&apos;&#10;/opt/homebrew/Cellar/fastlane/2.202.0/libexec/gems/fastlane-2.204.2/fastlane/lib/fastlane/runner.rb:49:in `block in execute&apos;&#10;/opt/homebrew/Cellar/fastlane/2.202.0/libexec/gems/fastlane-2.204.2/fastlane/lib/fastlane/runner.rb:45:in `chdir&apos;&#10;/opt/homebrew/Cellar/fastlane/2.202.0/libexec/gems/fastlane-2.204.2/fastlane/lib/fastlane/runner.rb:45:in `execute&apos;&#10;/opt/homebrew/Cellar/fastlane/2.202.0/libexec/gems/fastlane-2.204.2/fastlane/lib/fastlane/lane_manager.rb:47:in `cruise_lane&apos;&#10;/opt/homebrew/Cellar/fastlane/2.202.0/libexec/gems/fastlane-2.204.2/fastlane/lib/fastlane/command_line_handler.rb:36:in `handle&apos;&#10;/opt/homebrew/Cellar/fastlane/2.202.0/libexec/gems/fastlane-2.204.2/fastlane/lib/fastlane/commands_generator.rb:109:in `block (2 levels) in run&apos;&#10;/opt/homebrew/Cellar/fastlane/2.202.0/libexec/gems/commander-4.6.0/lib/commander/command.rb:187:in `call&apos;&#10;/opt/homebrew/Cellar/fastlane/2.202.0/libexec/gems/commander-4.6.0/lib/commander/command.rb:157:in `run&apos;&#10;/opt/homebrew/Cellar/fastlane/2.202.0/libexec/gems/commander-4.6.0/lib/commander/runner.rb:444:in `run_active_command&apos;&#10;/opt/homebrew/Cellar/fastlane/2.202.0/libexec/gems/fastlane-2.204.2/fastlane_core/lib/fastlane_core/ui/fastlane_runner.rb:124:in `run!&apos;&#10;/opt/homebrew/Cellar/fastlane/2.202.0/libexec/gems/commander-4.6.0/lib/commander/delegates.rb:18:in `run!&apos;&#10;/opt/homebrew/Cellar/fastlane/2.202.0/libexec/gems/fastlane-2.204.2/fastlane/lib/fastlane/commands_generator.rb:353:in `run&apos;&#10;/opt/homebrew/Cellar/fastlane/2.202.0/libexec/gems/fastlane-2.204.2/fastlane/lib/fastlane/commands_generator.rb:42:in `start&apos;&#10;/opt/homebrew/Cellar/fastlane/2.202.0/libexec/gems/fastlane-2.204.2/fastlane/lib/fastlane/cli_tools_distributor.rb:122:in `take_off&apos;&#10;/opt/homebrew/Cellar/fastlane/2.202.0/libexec/gems/fastlane-2.204.2/bin/fastlane:23:in `&lt;top (required)&gt;&apos;&#10;/opt/homebrew/Cellar/fastlane/2.202.0/libexec/bin/fastlane:25:in `load&apos;&#10;/opt/homebrew/Cellar/fastlane/2.202.0/libexec/bin/fastlane:25:in `&lt;main&gt;&apos;&#10;&#10;Exit status of command &apos;/Users/gimhyeongsig/AndroidStudioProjects/Planit-Android/gradlew assembleRelease -p .&apos; was 1 instead of 0.&#10;&gt; Task :app:preBuild UP-TO-DATE&#10;&gt; Task :app:extractProguardFiles&#10;&gt; Task :app:preAppCenterReleaseBuild&#10;&gt; Task :app:compileAppCenterReleaseAidl NO-SOURCE&#10;&gt; Task :app:compileAppCenterReleaseRenderscript NO-SOURCE&#10;&gt; Task :app:dataBindingMergeDependencyArtifactsAppCenterRelease&#10;&gt; Task :app:dataBindingMergeGenClassesAppCenterRelease&#10;&gt; Task :app:generateAppCenterReleaseResValues&#10;&gt; Task :app:generateAppCenterReleaseResources&#10;&gt; Task :app:processAppCenterReleaseGoogleServices&#10;&gt; Task :app:dataBindingTriggerAppCenterRelease&#10;&gt; Task :app:generateAppCenterReleaseBuildConfig&#10;&gt; Task :app:createAppCenterReleaseCompatibleScreenManifests&#10;&gt; Task :app:checkAppCenterReleaseAarMetadata&#10;&gt; Task :app:mergeAppCenterReleaseResources&#10;&gt; Task :app:dataBindingGenBaseClassesAppCenterRelease&#10;&gt; Task :app:extractDeepLinksAppCenterRelease FAILED&#10;&#10;FAILURE: Build failed with an exception.&#10;&#10;* What went wrong:&#10;Execution failed for task &apos;:app:extractDeepLinksAppCenterRelease&apos;.&#10;&gt; Unable to make field private final java.lang.String java.io.File.path accessible: module java.base does not &quot;opens java.io&quot; to unnamed module @3e7fa246&#10;&#10;* Try:&#10;Run with --stacktrace option to get the stack trace. Run with --info or --debug option to get more log output. Run with --scan to get full insights.&#10;&#10;* Get more help at https://help.gradle.org&#10;&#10;BUILD FAILED in 6s&#10;12 actionable tasks: 12 executed&#10;" />
        
      </testcase>
    
  </testsuite>
</testsuites>
